<?xml version="1.0" encoding="utf-8"?><testsuites><testsuite name="pytest" errors="0" failures="7" skipped="2" tests="386" time="8.117" timestamp="2025-06-22T21:09:56.746993" hostname="fv-az799-914"><testcase classname="tests.test_api_coverage.TestAPIPricesEndpointComprehensive" name="test_get_prices_with_pagination" time="0.089" /><testcase classname="tests.test_api_endpoints.TestPricesEndpoints" name="test_delete_all_polling_jobs_success" time="0.084" /><testcase classname="tests.test_api_endpoints.TestPricesEndpoints" name="test_delete_all_polling_jobs_exception" time="0.007" /><testcase classname="tests.test_api_coverage.TestAPIPricesEndpointComprehensive" name="test_get_prices_with_symbol_filter" time="0.018" /><testcase classname="tests.test_api_endpoints.TestPricesEndpoints" name="test_health_check" time="0.007" /><testcase classname="tests.test_api_coverage.TestAPIPricesEndpointComprehensive" name="test_get_prices_database_error" time="0.010" /><testcase classname="tests.test_api_endpoints.TestPricesEndpoints" name="test_calculate_moving_average_success" time="0.058" /><testcase classname="tests.test_api_coverage.TestAPIPricesEndpointComprehensive" name="test_get_latest_price_success" time="0.019" /><testcase classname="tests.test_api_coverage.TestAPIPricesEndpointComprehensive" name="test_get_latest_price_not_found" time="0.011" /><testcase classname="tests.test_api_coverage.TestAPIPricesEndpointComprehensive" name="test_get_latest_price_missing_symbol" time="0.009" /><testcase classname="tests.test_api_endpoints.TestPricesEndpoints" name="test_calculate_moving_average_no_data" time="0.013" /><testcase classname="tests.test_api_coverage.TestAPIPricesEndpointComprehensive" name="test_create_price_success" time="0.033" /><testcase classname="tests.test_api_endpoints.TestPricesEndpoints" name="test_calculate_moving_average_exception" time="0.009" /><testcase classname="tests.test_api_endpoints.TestPricesEndpoints" name="test_kafka_producer_success" time="0.006" /><testcase classname="tests.test_api_endpoints.TestPricesEndpoints" name="test_kafka_producer_failure" time="0.008" /><testcase classname="tests.test_api_coverage.TestAPIPricesEndpointComprehensive" name="test_create_price_validation_error" time="0.002" /><testcase classname="tests.test_api_coverage.TestAPIPricesEndpointComprehensive" name="test_create_price_database_error" time="0.010" /><testcase classname="tests.test_api_endpoints.TestPricesEndpoints" name="test_kafka_producer_exception" time="0.007" /><testcase classname="tests.test_api_coverage.TestAPIPricesEndpointComprehensive" name="test_get_price_by_id_success" time="0.011" /><testcase classname="tests.test_api_endpoints.TestPricesEndpoints" name="test_kafka_consumer_success" time="0.006" /><testcase classname="tests.test_api_endpoints.TestPricesEndpoints" name="test_kafka_consumer_exception" time="0.007" /><testcase classname="tests.test_api_coverage.TestAPIPricesEndpointComprehensive" name="test_get_price_by_id_not_found" time="0.009" /><testcase classname="tests.test_api_endpoints.TestPricesEndpoints" name="test_create_market_data_success" time="0.038" /><testcase classname="tests.test_api_coverage.TestAPIPricesEndpointComprehensive" name="test_update_price_success" time="0.010" /><testcase classname="tests.test_api_coverage.TestAPIPricesEndpointComprehensive" name="test_update_price_not_found" time="0.011" /><testcase classname="tests.test_api_coverage.TestAPIPricesEndpointComprehensive" name="test_update_price_validation_error" time="0.074" /><testcase classname="tests.test_api_endpoints.TestPricesEndpoints" name="test_create_market_data_exception" time="0.008" /><testcase classname="tests.test_api_endpoints.TestPricesEndpoints" name="test_get_market_data_success" time="0.008" /><testcase classname="tests.test_api_endpoints.TestPricesEndpoints" name="test_get_market_data_exception" time="0.007" /><testcase classname="tests.test_api_endpoints.TestPricesEndpoints" name="test_update_market_data_success" time="0.008" /><testcase classname="tests.test_api_endpoints.TestPricesEndpoints" name="test_update_market_data_not_found" time="0.007" /><testcase classname="tests.test_api_endpoints.TestPricesEndpoints" name="test_delete_market_data_success" time="0.007" /><testcase classname="tests.test_api_endpoints.TestPricesEndpoints" name="test_delete_market_data_not_found" time="0.009" /><testcase classname="tests.test_api_coverage.TestAPIPricesEndpointComprehensive" name="test_delete_price_success" time="0.010" /><testcase classname="tests.test_api_endpoints.TestPricesEndpoints" name="test_get_price_history_success" time="0.007" /><testcase classname="tests.test_api_coverage.TestAPIPricesEndpointComprehensive" name="test_delete_price_not_found" time="0.009" /><testcase classname="tests.test_api_endpoints.TestPricesEndpoints" name="test_get_price_history_exception" time="0.008" /><testcase classname="tests.test_api_endpoints.TestPricesEndpoints" name="test_delete_price_not_found" time="0.008" /><testcase classname="tests.test_api_coverage.TestAPIPricesEndpointComprehensive" name="test_get_moving_average_success" time="0.037" /><testcase classname="tests.test_core.TestConfig" name="test_settings_default_values" time="0.002" /><testcase classname="tests.test_core.TestConfig" name="test_settings_from_env" time="0.006" /><testcase classname="tests.test_core.TestConfig" name="test_settings_validation" time="0.003" /><testcase classname="tests.test_core.TestConfig" name="test_settings_cors_origins" time="0.006" /><testcase classname="tests.test_api_coverage.TestAPIPricesEndpointComprehensive" name="test_get_moving_average_insufficient_data" time="0.012" /><testcase classname="tests.test_core.TestConfig" name="test_settings_testing_mode" time="0.005" /><testcase classname="tests.test_api_coverage.TestAPIPricesEndpointComprehensive" name="test_get_moving_average_invalid_window" time="0.010" /><testcase classname="tests.test_core.TestConfig" name="test_settings_sqlalchemy_database_uri" time="0.003" /><testcase classname="tests.test_core.TestConfig" name="test_settings_model_config" time="0.001" /><testcase classname="tests.test_core.TestConfig" name="test_settings_optional_fields" time="0.005" /><testcase classname="tests.test_api_coverage.TestAPIPricesEndpointComprehensive" name="test_get_symbols_success" time="0.010" /><testcase classname="tests.test_core.TestConfig" name="test_settings_required_fields" time="0.003" /><testcase classname="tests.test_api_coverage.TestAPIPricesEndpointComprehensive" name="test_get_symbols_database_error" time="0.009" /><testcase classname="tests.test_core.TestConfig" name="test_settings_env_file_loading" time="0.004" /><testcase classname="tests.test_core.TestConfig" name="test_settings_environment_override" time="0.005" /><testcase classname="tests.test_core.TestConfig" name="test_settings_type_conversion" time="0.005" /><testcase classname="tests.test_api_coverage.TestAPIErrorHandling" name="test_invalid_json_request" time="0.008" /><testcase classname="tests.test_core.TestLogging" name="test_setup_logging" time="0.001" /><testcase classname="tests.test_core.TestLogging" name="test_setup_logging_with_custom_level" time="0.001" /><testcase classname="tests.test_core.TestLogging" name="test_setup_logging_with_error_level" time="0.001" /><testcase classname="tests.test_api_coverage.TestAPIErrorHandling" name="test_missing_required_fields" time="0.013" /><testcase classname="tests.test_core.TestLogging" name="test_setup_logging_with_warning_level" time="0.001" /><testcase classname="tests.test_core.TestLogging" name="test_setup_logging_with_critical_level" time="0.001" /><testcase classname="tests.test_core.TestLogging" name="test_setup_logging_with_invalid_level" time="0.002" /><testcase classname="tests.test_core.TestLogging" name="test_setup_logging_creates_logger" time="0.004" /><testcase classname="tests.test_api_coverage.TestAPIErrorHandling" name="test_invalid_price_id_format" time="0.013" /><testcase classname="tests.test_core.TestLogging" name="test_logging_without_settings" time="0.001" /><testcase classname="tests.test_core.TestLogging" name="test_logging_exception_handling" time="0.002" /><testcase classname="tests.test_core.TestLogging" name="test_logging_multiple_calls" time="0.002" /><testcase classname="tests.test_api_coverage.TestAPIErrorHandling" name="test_method_not_allowed" time="0.009" /><testcase classname="tests.test_core.TestLogging" name="test_logging_with_different_environments" time="0.002" /><testcase classname="tests.test_core.TestLogging" name="test_logging_configuration_validation" time="0.002" /><testcase classname="tests.test_core.TestLogging" name="test_logging_file_handling" time="0.001" /><testcase classname="tests.test_api_coverage.TestAPIErrorHandling" name="test_invalid_query_parameters" time="0.010" /><testcase classname="tests.test_core.TestLogging" name="test_logging_console_output" time="0.005" /><testcase classname="tests.test_coverage_improvement.TestKafkaServiceCoverage" name="test_consume_messages_no_messages" time="0.018" /><testcase classname="tests.test_api_coverage.TestAPIPerformance" name="test_large_dataset_handling" time="0.047" /><testcase classname="tests.test_coverage_improvement.TestKafkaServiceCoverage" name="test_consume_messages_exception" time="1.329"><failure message="AssertionError: assert [{'test': 'data'}] == []&#10;  Left contains one more item: {'test': 'data'}&#10;  Full diff:&#10;  - []&#10;  + [{'test': 'data'}]">tests/test_coverage_improvement.py:536: in test_consume_messages_exception
    assert result == []
E   AssertionError: assert [{'test': 'data'}] == []
E     Left contains one more item: {'test': 'data'}
E     Full diff:
E     - []
E     + [{'test': 'data'}]</failure></testcase><testcase classname="tests.test_api_coverage.TestAPIPollingJobs" name="test_create_polling_job_success" time="0.024" /><testcase classname="tests.test_api_coverage.TestAPIPollingJobs" name="test_list_polling_jobs" time="0.023" /><testcase classname="tests.test_api_coverage.TestAPIPollingJobs" name="test_get_polling_job_status_success" time="0.017" /><testcase classname="tests.test_api_coverage.TestAPIPollingJobs" name="test_get_polling_job_status_not_found" time="0.010" /><testcase classname="tests.test_api_coverage.TestAPIPollingJobs" name="test_delete_polling_job_success" time="0.026" /><testcase classname="tests.test_api_coverage.TestAPIPollingJobs" name="test_delete_polling_job_not_found" time="0.017" /><testcase classname="tests.test_api_coverage.TestAPIPollingJobs" name="test_delete_all_polling_jobs" time="0.025" /><testcase classname="tests.test_api_endpoints.TestPricesEndpoints" name="test_get_latest_price_success" time="0.010" /><testcase classname="tests.test_api_endpoints.TestPricesEndpoints" name="test_get_latest_price_not_found" time="0.008" /><testcase classname="tests.test_api_endpoints.TestPricesEndpoints" name="test_get_latest_price_exception" time="0.017" /><testcase classname="tests.test_api_endpoints.TestPricesEndpoints" name="test_poll_prices_success" time="0.009" /><testcase classname="tests.test_api_endpoints.TestPricesEndpoints" name="test_poll_prices_invalid_request" time="0.006" /><testcase classname="tests.test_api_endpoints.TestPricesEndpoints" name="test_poll_prices_exception" time="0.009" /><testcase classname="tests.test_api_endpoints.TestPricesEndpoints" name="test_list_polling_jobs_success" time="0.014" /><testcase classname="tests.test_api_endpoints.TestPricesEndpoints" name="test_list_polling_jobs_exception" time="0.013" /><testcase classname="tests.test_api_endpoints.TestPricesEndpoints" name="test_get_polling_job_status_success" time="0.032" /><testcase classname="tests.test_api_endpoints.TestPricesEndpoints" name="test_get_polling_job_status_not_found" time="0.010" /><testcase classname="tests.test_api_endpoints.TestPricesEndpoints" name="test_get_polling_job_status_exception" time="0.012" /><testcase classname="tests.test_api_endpoints.TestPricesEndpoints" name="test_delete_polling_job_success" time="0.015" /><testcase classname="tests.test_api_endpoints.TestPricesEndpoints" name="test_delete_polling_job_not_found" time="0.013" /><testcase classname="tests.test_api_endpoints.TestPricesEndpoints" name="test_delete_polling_job_exception" time="0.013" /><testcase classname="tests.test_core.TestLogging" name="test_logging_performance" time="0.003" /><testcase classname="tests.test_coverage" name="test_logging_coverage" time="0.003" /><testcase classname="tests.test_coverage" name="test_timestamp_mixin" time="0.005" /><testcase classname="tests.test_coverage" name="test_redis_service" time="0.003"><skipped type="pytest.skip" message="async def function and no async plugin installed (see warnings)">/opt/hostedtoolcache/Python/3.11.13/x64/lib/python3.11/site-packages/_pytest/python.py:184: async def function and no async plugin installed (see warnings)</skipped></testcase><testcase classname="tests.test_coverage" name="test_kafka_service" time="0.202" /><testcase classname="tests.test_coverage_improvement.TestRedisServiceCoverage" name="test_redis_connection_success" time="0.008" /><testcase classname="tests.test_coverage_improvement.TestRedisServiceCoverage" name="test_redis_connection_failure" time="0.006" /><testcase classname="tests.test_coverage_improvement.TestRedisServiceCoverage" name="test_get_cached_price_with_connection" time="0.005" /><testcase classname="tests.test_coverage_improvement.TestRedisServiceCoverage" name="test_get_cached_price_no_connection" time="0.005" /><testcase classname="tests.test_coverage_improvement.TestRedisServiceCoverage" name="test_cache_price_with_connection" time="0.007" /><testcase classname="tests.test_coverage_improvement.TestRedisServiceCoverage" name="test_cache_price_no_connection" time="0.004" /><testcase classname="tests.test_coverage_improvement.TestRedisServiceCoverage" name="test_store_price_with_connection" time="0.008" /><testcase classname="tests.test_coverage_improvement.TestRedisServiceCoverage" name="test_store_price_no_connection" time="0.005" /><testcase classname="tests.test_coverage_improvement.TestRedisServiceCoverage" name="test_get_price_with_connection" time="0.008" /><testcase classname="tests.test_coverage_improvement.TestRedisServiceCoverage" name="test_get_price_no_connection" time="0.004" /><testcase classname="tests.test_coverage_improvement.TestRedisServiceCoverage" name="test_set_price_with_connection" time="0.011" /><testcase classname="tests.test_coverage_improvement.TestRedisServiceCoverage" name="test_set_price_no_connection" time="0.004" /><testcase classname="tests.test_coverage_improvement.TestRedisServiceCoverage" name="test_delete_price_with_connection" time="0.010" /><testcase classname="tests.test_coverage_improvement.TestRedisServiceCoverage" name="test_delete_price_no_connection" time="0.003" /><testcase classname="tests.test_coverage_improvement.TestRedisServiceCoverage" name="test_get_all_prices_with_connection" time="0.010" /><testcase classname="tests.test_coverage_improvement.TestRedisServiceCoverage" name="test_get_all_prices_no_connection" time="0.003" /><testcase classname="tests.test_coverage_improvement.TestRedisServiceCoverage" name="test_clear_prices_with_connection" time="0.008" /><testcase classname="tests.test_coverage_improvement.TestRedisServiceCoverage" name="test_clear_prices_no_connection" time="0.002" /><testcase classname="tests.test_coverage_improvement.TestRedisServiceCoverage" name="test_get_price_history_with_connection" time="0.009" /><testcase classname="tests.test_coverage_improvement.TestRedisServiceCoverage" name="test_get_price_history_no_connection" time="0.016" /><testcase classname="tests.test_coverage_improvement.TestRedisServiceCoverage" name="test_get_latest_price_with_connection" time="0.013" /><testcase classname="tests.test_coverage_improvement.TestRedisServiceCoverage" name="test_store_job_status_with_connection" time="0.008" /><testcase classname="tests.test_coverage_improvement.TestRedisServiceCoverage" name="test_get_job_status_with_connection" time="0.007" /><testcase classname="tests.test_coverage_improvement.TestRedisServiceCoverage" name="test_delete_job_with_connection" time="0.007" /><testcase classname="tests.test_coverage_improvement.TestRedisServiceCoverage" name="test_list_jobs_with_connection" time="0.007" /><testcase classname="tests.test_coverage_improvement.TestKafkaServiceCoverage" name="test_kafka_init_success" time="0.005" /><testcase classname="tests.test_coverage_improvement.TestKafkaServiceCoverage" name="test_kafka_init_failure" time="0.034"><failure message="assert &lt;aiokafka.producer.producer.AIOKafkaProducer object at 0x7f2c26630a50&gt; is None">tests/test_coverage_improvement.py:430: in test_kafka_init_failure
    assert producer is None
E   assert &lt;aiokafka.producer.producer.AIOKafkaProducer object at 0x7f2c26630a50&gt; is None</failure></testcase><testcase classname="tests.test_coverage_improvement.TestKafkaServiceCoverage" name="test_produce_price_event_success" time="0.006" /><testcase classname="tests.test_coverage_improvement.TestKafkaServiceCoverage" name="test_produce_price_event_failure" time="0.144"><failure message="assert True is False">tests/test_coverage_improvement.py:458: in test_produce_price_event_failure
    assert result is False
E   assert True is False</failure></testcase><testcase classname="tests.test_coverage_improvement.TestKafkaServiceCoverage" name="test_produce_message_success" time="0.005" /><testcase classname="tests.test_coverage_improvement.TestKafkaServiceCoverage" name="test_produce_message_failure" time="0.027"><failure message="assert True is False">tests/test_coverage_improvement.py:490: in test_produce_message_failure
    assert result is False
E   assert True is False</failure></testcase><testcase classname="tests.test_coverage_improvement.TestKafkaServiceCoverage" name="test_consume_messages_success" time="0.007" /><testcase classname="tests.test_database.TestDatabaseOperations" name="test_database_connection_failure" time="0.002" /><testcase classname="tests.test_database.TestDatabaseOperations" name="test_session_creation_failure" time="0.001" /><testcase classname="tests.test_database.TestDatabaseOperations" name="test_database_metadata" time="0.001" /><testcase classname="tests.test_database.TestDatabaseOperations" name="test_market_data_table_exists" time="0.001" /><testcase classname="tests.test_database.TestDatabaseOperations" name="test_database_migration_support" time="0.002" /><testcase classname="tests.test_database.TestDatabaseOperations" name="test_session_autocommit_disabled" time="0.001" /><testcase classname="tests.test_database.TestDatabaseOperations" name="test_session_autoflush_disabled" time="0.001" /><testcase classname="tests.test_database.TestDatabaseTransactions" name="test_transaction_commit" time="0.004" /><testcase classname="tests.test_database.TestDatabaseTransactions" name="test_transaction_rollback" time="0.003" /><testcase classname="tests.test_database.TestDatabaseTransactions" name="test_transaction_commit_failure" time="0.003" /><testcase classname="tests.test_database.TestDatabaseTransactions" name="test_transaction_rollback_failure" time="0.003" /><testcase classname="tests.test_database.TestDatabaseConstraints" name="test_market_data_primary_key" time="0.001" /><testcase classname="tests.test_database.TestDatabaseConstraints" name="test_market_data_not_null_constraints" time="0.001" /><testcase classname="tests.test_database.TestDatabaseConstraints" name="test_market_data_column_types" time="0.001" /><testcase classname="tests.test_database.TestDatabaseConstraints" name="test_integrity_error_handling" time="0.003" /><testcase classname="tests.test_database.TestDatabasePerformance" name="test_connection_pool_size" time="0.001" /><testcase classname="tests.test_database.TestDatabasePerformance" name="test_connection_pool_timeout" time="0.001" /><testcase classname="tests.test_database.TestDatabasePerformance" name="test_connection_pool_pre_ping" time="0.002" /><testcase classname="tests.test_database.TestDatabasePerformance" name="test_session_factory_performance" time="0.001" /><testcase classname="tests.test_database.TestDatabaseErrorRecovery" name="test_connection_recovery" time="0.002" /><testcase classname="tests.test_database.TestDatabaseErrorRecovery" name="test_session_recovery" time="0.002" /><testcase classname="tests.test_database.TestDatabaseErrorRecovery" name="test_database_cleanup" time="0.001" /><testcase classname="tests.test_integration.TestServiceIntegration" name="test_market_data_to_kafka_integration" time="0.029" /><testcase classname="tests.test_coverage_improvement.TestKafkaServiceCoverage" name="test_close_connections" time="0.009" /><testcase classname="tests.test_integration.TestServiceIntegration" name="test_market_data_to_redis_integration" time="0.040" /><testcase classname="tests.test_coverage_improvement.TestKafkaServiceCoverage" name="test_close_connections_with_none" time="0.001" /><testcase classname="tests.test_coverage_improvement.TestMarketDataServiceCoverage" name="test_create_market_data_success" time="0.004" /><testcase classname="tests.test_coverage_improvement.TestMarketDataServiceCoverage" name="test_create_market_data_exception" time="0.003" /><testcase classname="tests.test_coverage_improvement.TestMarketDataServiceCoverage" name="test_get_market_data_success" time="0.004" /><testcase classname="tests.test_coverage_improvement.TestMarketDataServiceCoverage" name="test_get_market_data_by_symbol_success" time="0.008" /><testcase classname="tests.test_integration.TestServiceIntegration" name="test_kafka_to_redis_integration" time="0.006" /><testcase classname="tests.test_coverage_improvement.TestMarketDataServiceCoverage" name="test_get_latest_market_data_success" time="0.007" /><testcase classname="tests.test_coverage_improvement.TestMarketDataServiceCoverage" name="test_get_latest_market_data_not_found" time="0.005" /><testcase classname="tests.test_integration.TestDatabaseIntegration" name="test_database_market_data_integration" time="0.038" /><testcase classname="tests.test_coverage_improvement.TestMarketDataServiceCoverage" name="test_update_market_data_success" time="0.004" /><testcase classname="tests.test_coverage_improvement.TestMarketDataServiceCoverage" name="test_update_market_data_not_found" time="0.003" /><testcase classname="tests.test_coverage_improvement.TestMarketDataServiceCoverage" name="test_delete_market_data_success" time="0.004" /><testcase classname="tests.test_coverage_improvement.TestMarketDataServiceCoverage" name="test_delete_market_data_not_found" time="0.004" /><testcase classname="tests.test_coverage_improvement.TestMarketDataServiceCoverage" name="test_get_all_symbols_success" time="0.003" /><testcase classname="tests.test_coverage_improvement.TestMarketDataServiceCoverage" name="test_calculate_moving_average_success" time="0.006" /><testcase classname="tests.test_integration.TestDatabaseIntegration" name="test_database_transaction_integration" time="0.039" /><testcase classname="tests.test_coverage_improvement.TestMarketDataServiceCoverage" name="test_calculate_moving_average_no_data" time="0.005" /><testcase classname="tests.test_coverage_improvement.TestMarketDataServiceCoverage" name="test_get_latest_timestamp_success" time="0.004" /><testcase classname="tests.test_coverage_improvement.TestMarketDataServiceCoverage" name="test_get_latest_timestamp_not_found" time="0.004" /><testcase classname="tests.test_coverage_improvement.TestAPICoverage" name="test_get_market_data_with_symbol_filter" time="0.011" /><testcase classname="tests.test_coverage_improvement.TestAPICoverage" name="test_get_market_data_with_pagination" time="0.010" /><testcase classname="tests.test_integration.TestAPIIntegration" name="test_full_workflow_integration" time="0.030" /><testcase classname="tests.test_coverage_improvement.TestAPICoverage" name="test_get_market_data_database_error" time="0.009" /><testcase classname="tests.test_coverage_improvement.TestAPICoverage" name="test_create_market_data_database_error" time="0.009" /><testcase classname="tests.test_integration.TestAPIIntegration" name="test_health_check_integration" time="0.009" /><testcase classname="tests.test_coverage_improvement.TestAPICoverage" name="test_update_market_data_database_error" time="0.009" /><testcase classname="tests.test_coverage_improvement.TestAPICoverage" name="test_delete_market_data_database_error" time="0.009" /><testcase classname="tests.test_integration.TestAPIIntegration" name="test_error_handling_integration" time="0.026" /><testcase classname="tests.test_coverage_improvement.TestAPICoverage" name="test_get_latest_price_database_error" time="0.008" /><testcase classname="tests.test_database.TestDatabaseSession" name="test_get_db_success" time="0.003" /><testcase classname="tests.test_integration.TestConfigurationIntegration" name="test_environment_configuration_integration" time="0.013" /><testcase classname="tests.test_database.TestDatabaseSession" name="test_engine_configuration" time="0.001" /><testcase classname="tests.test_database.TestDatabaseSession" name="test_session_factory_configuration" time="0.001" /><testcase classname="tests.test_database.TestDatabaseSession" name="test_database_connection_pool" time="0.001" /><testcase classname="tests.test_database.TestDatabaseSession" name="test_database_url_parsing" time="0.001" /><testcase classname="tests.test_database.TestDatabaseSession" name="test_get_db_connection_error" time="0.001" /><testcase classname="tests.test_integration.TestConfigurationIntegration" name="test_cors_integration" time="0.012" /><testcase classname="tests.test_database.TestDatabaseSession" name="test_session_creation" time="0.001" /><testcase classname="tests.test_kafka_service.TestKafkaService" name="test_consume_price_events_keyboard_interrupt" time="0.001"><skipped type="pytest.skip" message="KeyboardInterrupt test not supported in CI">/home/runner/work/blockhouse-market-data-service/blockhouse-market-data-service/tests/test_kafka_service.py:298: KeyboardInterrupt test not supported in CI</skipped></testcase><testcase classname="tests.test_kafka_service.TestKafkaService" name="test_log_error" time="0.004" /><testcase classname="tests.test_kafka_service.TestKafkaService" name="test_close_success" time="0.010" /><testcase classname="tests.test_integration.TestConfigurationIntegration" name="test_logging_integration" time="0.006" /><testcase classname="tests.test_main.TestMainApp" name="test_root_endpoint" time="0.006" /><testcase classname="tests.test_integration.TestPerformanceIntegration" name="test_response_time_integration" time="0.010" /><testcase classname="tests.test_main.TestMainApp" name="test_health_check" time="0.006" /><testcase classname="tests.test_main.TestMainApp" name="test_get_symbols_success" time="0.008" /><testcase classname="tests.test_integration.TestPerformanceIntegration" name="test_concurrent_requests_integration" time="0.028" /><testcase classname="tests.test_main.TestMainApp" name="test_get_symbols_exception" time="0.008" /><testcase classname="tests.test_main.TestMainApp" name="test_get_moving_average_success" time="0.009" /><testcase classname="tests.test_main.TestMainApp" name="test_get_moving_average_no_data" time="0.008" /><testcase classname="tests.test_main.TestMainApp" name="test_get_moving_average_exception" time="0.008" /><testcase classname="tests.test_integration.TestSecurityIntegration" name="test_input_validation_integration" time="0.023" /><testcase classname="tests.test_main.TestMainApp" name="test_get_moving_average_http_exception" time="0.011" /><testcase classname="tests.test_integration.TestSecurityIntegration" name="test_rate_limiting_integration" time="0.048" /><testcase classname="tests.test_main.TestMainApp" name="test_lifespan_success" time="0.002" /><testcase classname="tests.test_main.TestMainApp" name="test_lifespan_with_exception" time="0.002" /><testcase classname="tests.test_main.TestMainApp" name="test_cors_middleware" time="0.006" /><testcase classname="tests.test_main.TestMainApp" name="test_api_documentation_endpoints" time="0.039" /><testcase classname="tests.test_integration.TestSecurityIntegration" name="test_authentication_integration" time="0.017" /><testcase classname="tests.test_main.TestMainApp" name="test_router_inclusion" time="0.012" /><testcase classname="tests.test_kafka_service.TestKafkaService" name="test_produce_message_success" time="0.014" /><testcase classname="tests.test_main.TestMainApp" name="test_database_connection_error" time="0.009" /><testcase classname="tests.test_kafka_service.TestKafkaService" name="test_produce_message_failure" time="0.004" /><testcase classname="tests.test_main.TestDatabaseSession" name="test_engine_configuration" time="0.001" /><testcase classname="tests.test_kafka_service.TestKafkaService" name="test_consume_messages_success" time="0.012" /><testcase classname="tests.test_main.TestDatabaseSession" name="test_session_factory_configuration" time="0.001" /><testcase classname="tests.test_market_data" name="test_get_latest_price" time="0.022" /><testcase classname="tests.test_kafka_service.TestKafkaService" name="test_consume_messages_with_error" time="0.011" /><testcase classname="tests.test_market_data" name="test_poll_prices" time="0.008"><failure message="AssertionError: assert 'config' in {'interval': 60, 'job_id': '1', 'status': 'created', 'symbols': ['AAPL', 'MSFT']}">tests/test_market_data.py:72: in test_poll_prices
    assert "config" in data
E   AssertionError: assert 'config' in {'interval': 60, 'job_id': '1', 'status': 'created', 'symbols': ['AAPL', 'MSFT']}</failure></testcase><testcase classname="tests.test_kafka_service.TestKafkaService" name="test_consume_messages_json_error" time="0.011" /><testcase classname="tests.test_kafka_service.TestKafkaService" name="test_consume_messages_exception" time="0.002" /><testcase classname="tests.test_kafka_service.TestKafkaService" name="test_delivery_report_success" time="0.013" /><testcase classname="tests.test_market_data" name="test_list_polling_jobs" time="0.014" /><testcase classname="tests.test_kafka_service.TestKafkaService" name="test_delivery_report_error" time="0.012" /><testcase classname="tests.test_market_data" name="test_get_polling_job_status" time="0.012"><failure message="AssertionError: assert 'job_id' in {'created_at': '2025-06-22T21:10:03.536781', 'id': '3', 'interval': 60, 'status': 'active', ...}">tests/test_market_data.py:101: in test_get_polling_job_status
    assert "job_id" in data
E   AssertionError: assert 'job_id' in {'created_at': '2025-06-22T21:10:03.536781', 'id': '3', 'interval': 60, 'status': 'active', ...}</failure></testcase><testcase classname="tests.test_kafka_service.TestKafkaService" name="test_produce_price_event_no_producer" time="0.003" /><testcase classname="tests.test_kafka_service.TestKafkaService" name="test_produce_price_event_exception" time="0.011" /><testcase classname="tests.test_kafka_service.TestKafkaService" name="test_consume_price_events_success" time="0.011" /><testcase classname="tests.test_market_data" name="test_delete_polling_job" time="0.014"><failure message="AssertionError: assert 'status' in {'message': 'Polling job 4 deleted successfully'}">tests/test_market_data.py:117: in test_delete_polling_job
    assert "status" in data
E   AssertionError: assert 'status' in {'message': 'Polling job 4 deleted successfully'}</failure></testcase><testcase classname="tests.test_kafka_service.TestKafkaService" name="test_consume_price_events_no_consumer" time="0.002" /><testcase classname="tests.test_kafka_service.TestKafkaService" name="test_consume_price_events_partition_eof" time="0.019" /><testcase classname="tests.test_market_data" name="test_delete_all_polling_jobs" time="0.019" /><testcase classname="tests.test_kafka_service.TestKafkaService" name="test_consume_price_events_consumer_error" time="0.024" /><testcase classname="tests.test_market_data" name="test_health_check" time="0.007" /><testcase classname="tests.test_kafka_service.TestKafkaService" name="test_consume_price_events_json_error" time="0.033" /><testcase classname="tests.test_market_data" name="test_calculate_moving_average" time="0.015" /><testcase classname="tests.test_market_data" name="test_kafka_producer" time="0.006" /><testcase classname="tests.test_kafka_service.TestKafkaService" name="test_consume_price_events_exception" time="0.013" /><testcase classname="tests.test_market_data_service.TestMarketDataService" name="test_create_market_data" time="0.005" /><testcase classname="tests.test_market_data_service.TestMarketDataService" name="test_update_market_data_success" time="0.010" /><testcase classname="tests.test_market_data_service.TestMarketDataService" name="test_update_market_data_not_found" time="0.003" /><testcase classname="tests.test_market_data_service.TestMarketDataService" name="test_delete_market_data_success" time="0.004" /><testcase classname="tests.test_market_data_service.TestMarketDataService" name="test_delete_market_data_not_found" time="0.006" /><testcase classname="tests.test_market_data" name="test_kafka_consumer" time="0.011" /><testcase classname="tests.test_market_data_service.TestMarketDataService" name="test_get_latest_market_data" time="0.007" /><testcase classname="tests.test_market_data_service.TestMarketDataService" name="test_get_all_symbols" time="0.003" /><testcase classname="tests.test_market_data" name="test_create_market_data" time="0.023" /><testcase classname="tests.test_market_data_service.TestMarketDataService" name="test_calculate_moving_average_success" time="0.006" /><testcase classname="tests.test_market_data_service.TestMarketDataService" name="test_calculate_moving_average_insufficient_data" time="0.005" /><testcase classname="tests.test_market_data_service.TestMarketDataService" name="test_get_latest_timestamp" time="0.004" /><testcase classname="tests.test_market_data_service.TestMarketDataService" name="test_get_latest_price_success" time="0.012" /><testcase classname="tests.test_market_data" name="test_get_market_data" time="0.028" /><testcase classname="tests.test_market_data_service.TestMarketDataService" name="test_get_latest_price_redis_failure" time="0.009" /><testcase classname="tests.test_market_data_service.TestMarketDataService" name="test_create_polling_job_success" time="0.005" /><testcase classname="tests.test_market_data" name="test_update_market_data" time="0.022" /><testcase classname="tests.test_market_data_service.TestMarketDataService" name="test_get_job_status_success" time="0.004" /><testcase classname="tests.test_market_data_service.TestMarketDataService" name="test_get_job_status_not_found" time="0.004" /><testcase classname="tests.test_market_data_service.TestMarketDataService" name="test_delete_job_success" time="0.004" /><testcase classname="tests.test_market_data_service.TestMarketDataService" name="test_delete_job_failure" time="0.004" /><testcase classname="tests.test_market_data" name="test_delete_market_data" time="0.025" /><testcase classname="tests.test_market_data_service.TestMarketDataService" name="test_fetch_price_from_yahoo_success" time="0.004" /><testcase classname="tests.test_market_data_service.TestMarketDataService" name="test_fetch_price_from_yahoo_no_data" time="0.004" /><testcase classname="tests.test_market_data_service.TestMarketDataService" name="test_fetch_price_from_yahoo_exception" time="0.003" /><testcase classname="tests.test_market_data" name="test_get_price_history" time="0.001" /><testcase classname="tests.test_market_data_service.TestMarketDataService" name="test_list_active_jobs_success" time="0.004" /><testcase classname="tests.test_market_data_service.TestMarketDataService" name="test_list_active_jobs_empty" time="0.004" /><testcase classname="tests.test_market_data" name="test_get_price_history_empty" time="0.001" /><testcase classname="tests.test_market_data" name="test_get_price_history_invalid_symbol" time="0.001" /><testcase classname="tests.test_market_data_service.TestMarketDataService" name="test_delete_all_jobs_success" time="0.004" /><testcase classname="tests.test_market_data" name="test_get_price_history_invalid_window" time="0.002" /><testcase classname="tests.test_market_data_service.TestMarketDataService" name="test_delete_all_jobs_empty" time="0.004" /><testcase classname="tests.test_market_data_service.TestRetryDecorator" name="test_retry_success_first_attempt" time="0.003" /><testcase classname="tests.test_market_data" name="test_get_price_history_invalid_symbol_and_window" time="0.001" /><testcase classname="tests.test_market_data_service.TestMarketDataService" name="test_init" time="0.002" /><testcase classname="tests.test_market_data_service.TestMarketDataService" name="test_get_market_data" time="0.004" /><testcase classname="tests.test_market_data_service.TestRetryDecorator" name="test_retry_success_after_failures" time="0.024" /><testcase classname="tests.test_market_data_service.TestMarketDataService" name="test_get_market_data_by_symbol" time="0.004" /><testcase classname="tests.test_models_schemas.TestMarketDataModel" name="test_market_data_model_inequality" time="0.001" /><testcase classname="tests.test_models_schemas.TestMarketDataModel" name="test_market_data_model_hash" time="0.001" /><testcase classname="tests.test_models_schemas.TestMarketDataModel" name="test_market_data_model_table_name" time="0.001" /><testcase classname="tests.test_models_schemas.TestMarketDataModel" name="test_market_data_model_columns" time="0.001" /><testcase classname="tests.test_models_schemas.TestMarketDataModel" name="test_market_data_model_primary_key" time="0.001" /><testcase classname="tests.test_models_schemas.TestMarketDataModel" name="test_market_data_model_indexes" time="0.001" /><testcase classname="tests.test_market_data_service.TestRetryDecorator" name="test_retry_max_attempts_exceeded" time="0.012" /><testcase classname="tests.test_models_schemas.TestMarketDataModel" name="test_market_data_model_foreign_keys" time="0.001" /><testcase classname="tests.test_models_schemas.TestMarketDataModel" name="test_market_data_model_metadata" time="0.001" /><testcase classname="tests.test_models_schemas.TestMarketDataModel" name="test_market_data_model_schema" time="0.001" /><testcase classname="tests.test_models_schemas.TestMarketDataModel" name="test_market_data_model_validation" time="0.001" /><testcase classname="tests.test_models_schemas.TestMarketDataModel" name="test_market_data_model_invalid_data" time="0.001" /><testcase classname="tests.test_models_schemas.TestMarketDataModel" name="test_market_data_model_creation" time="0.002" /><testcase classname="tests.test_models_schemas.TestMarketDataModel" name="test_market_data_model_edge_cases" time="0.001" /><testcase classname="tests.test_models_schemas.TestMarketDataModel" name="test_market_data_model_timestamp_handling" time="0.002" /><testcase classname="tests.test_models_schemas.TestMarketDataModel" name="test_market_data_model_defaults" time="0.002" /><testcase classname="tests.test_models_schemas.TestMarketDataModel" name="test_market_data_model_repr" time="0.002" /><testcase classname="tests.test_models_schemas.TestMarketDataSchemas" name="test_error_response_schema" time="0.001" /><testcase classname="tests.test_models_schemas.TestMarketDataModel" name="test_market_data_model_str" time="0.002" /><testcase classname="tests.test_models_schemas.TestMarketDataSchemas" name="test_delete_all_response_schema" time="0.001" /><testcase classname="tests.test_models_schemas.TestMarketDataModel" name="test_market_data_model_equality" time="0.001" /><testcase classname="tests.test_models_schemas.TestMarketDataModel" name="test_market_data_model_volume_handling" time="0.001" /><testcase classname="tests.test_models_schemas.TestMarketDataSchemas" name="test_symbols_response_schema" time="0.001" /><testcase classname="tests.test_models_schemas.TestMarketDataSchemas" name="test_market_data_create_schema" time="0.001" /><testcase classname="tests.test_models_schemas.TestMarketDataSchemas" name="test_schema_field_constraints" time="0.001" /><testcase classname="tests.test_models_schemas.TestMarketDataSchemas" name="test_market_data_create_schema_defaults" time="0.001" /><testcase classname="tests.test_models_schemas.TestMarketDataSchemas" name="test_schema_optional_fields" time="0.001" /><testcase classname="tests.test_models_schemas.TestMarketDataSchemas" name="test_market_data_create_schema_edge_cases" time="0.002" /><testcase classname="tests.test_models_schemas.TestMarketDataSchemas" name="test_schema_required_fields" time="0.001" /><testcase classname="tests.test_redis_service.TestRedisService" name="test_init_success" time="0.010" /><testcase classname="tests.test_models_schemas.TestMarketDataSchemas" name="test_market_data_update_schema" time="0.001" /><testcase classname="tests.test_models_schemas.TestMarketDataSchemas" name="test_market_data_update_schema_validation" time="0.001" /><testcase classname="tests.test_models_schemas.TestMarketDataSchemas" name="test_market_data_in_db_schema" time="0.001" /><testcase classname="tests.test_redis_service.TestRedisService" name="test_init_connection_error" time="0.003" /><testcase classname="tests.test_models_schemas.TestMarketDataSchemas" name="test_moving_average_response_schema" time="0.002" /><testcase classname="tests.test_redis_service.TestRedisService" name="test_get_cached_price_success" time="0.005" /><testcase classname="tests.test_models_schemas.TestMarketDataSchemas" name="test_price_response_schema" time="0.001" /><testcase classname="tests.test_models_schemas.TestMarketDataSchemas" name="test_polling_request_schema" time="0.001" /><testcase classname="tests.test_redis_service.TestRedisService" name="test_get_cached_price_no_data" time="0.007" /><testcase classname="tests.test_models_schemas.TestMarketDataSchemas" name="test_polling_response_schema" time="0.001" /><testcase classname="tests.test_redis_service.TestRedisService" name="test_delete_price_success" time="0.007" /><testcase classname="tests.test_redis_service.TestRedisService" name="test_get_cached_price_no_redis" time="0.003" /><testcase classname="tests.test_redis_service.TestRedisService" name="test_get_all_prices_success" time="0.006" /><testcase classname="tests.test_redis_service.TestRedisService" name="test_get_cached_price_exception" time="0.005" /><testcase classname="tests.test_redis_service.TestRedisService" name="test_clear_prices_success" time="0.008" /><testcase classname="tests.test_redis_service.TestRedisService" name="test_cache_price_success" time="0.007" /><testcase classname="tests.test_redis_service.TestRedisService" name="test_get_price_history_success" time="0.010" /><testcase classname="tests.test_redis_service.TestRedisService" name="test_cache_price_no_redis" time="0.003" /><testcase classname="tests.test_redis_service.TestRedisService" name="test_cache_price_exception" time="0.006" /><testcase classname="tests.test_redis_service.TestRedisService" name="test_get_latest_price_success" time="0.004" /><testcase classname="tests.test_redis_service.TestRedisService" name="test_get_latest_price_no_data" time="0.004" /><testcase classname="tests.test_redis_service.TestRedisService" name="test_store_price_success" time="0.007" /><testcase classname="tests.test_redis_service.TestRedisService" name="test_store_job_status_success" time="0.008" /><testcase classname="tests.test_redis_service.TestRedisService" name="test_get_price_success" time="0.005" /><testcase classname="tests.test_redis_service.TestRedisService" name="test_set_price_success" time="0.007" /><testcase classname="tests.test_redis_service.TestRedisService" name="test_get_job_status_success" time="0.007" /><testcase classname="tests.test_services_comprehensive.TestMarketDataServiceComprehensive" name="test_get_market_data_by_symbol_no_results" time="0.005" /><testcase classname="tests.test_redis_service.TestRedisService" name="test_get_job_status_no_data" time="0.005" /><testcase classname="tests.test_services_comprehensive.TestMarketDataServiceComprehensive" name="test_get_latest_market_data_success" time="0.005" /><testcase classname="tests.test_redis_service.TestRedisService" name="test_delete_job_success" time="0.008" /><testcase classname="tests.test_services_comprehensive.TestMarketDataServiceComprehensive" name="test_get_latest_market_data_not_found" time="0.004" /><testcase classname="tests.test_redis_service.TestRedisService" name="test_list_jobs_success" time="0.007" /><testcase classname="tests.test_services_comprehensive.TestMarketDataServiceComprehensive" name="test_create_market_data_success" time="0.004" /><testcase classname="tests.test_services_comprehensive.TestMarketDataServiceComprehensive" name="test_create_market_data_exception" time="0.005" /><testcase classname="tests.test_redis_service.TestRedisService" name="test_ping_success" time="0.005" /><testcase classname="tests.test_services_comprehensive.TestMarketDataServiceComprehensive" name="test_update_market_data_success" time="0.007" /><testcase classname="tests.test_redis_service.TestRedisService" name="test_get_price_statistics_success" time="0.003" /><testcase classname="tests.test_services_comprehensive.TestMarketDataServiceComprehensive" name="test_update_market_data_not_found" time="0.005" /><testcase classname="tests.test_services_comprehensive.TestMarketDataServiceComprehensive" name="test_get_market_data_by_symbol_with_pagination" time="0.005" /><testcase classname="tests.test_services_comprehensive.TestMarketDataServiceComprehensive" name="test_delete_market_data_success" time="0.008" /><testcase classname="tests.test_services_comprehensive.TestMarketDataServiceComprehensive" name="test_get_all_symbols_success" time="0.004" /><testcase classname="tests.test_services_comprehensive.TestMarketDataServiceComprehensive" name="test_get_latest_timestamp_success" time="0.005" /><testcase classname="tests.test_services_comprehensive.TestMarketDataServiceComprehensive" name="test_delete_market_data_not_found" time="0.005" /><testcase classname="tests.test_services_comprehensive.TestMarketDataServiceComprehensive" name="test_get_latest_timestamp_not_found" time="0.005" /><testcase classname="tests.test_services_comprehensive.TestMarketDataServiceComprehensive" name="test_calculate_moving_average_success" time="0.006" /><testcase classname="tests.test_services_comprehensive.TestKafkaServiceComprehensive" name="test_produce_price_event_success" time="0.008" /><testcase classname="tests.test_services_comprehensive.TestMarketDataServiceComprehensive" name="test_calculate_moving_average_insufficient_data" time="0.006" /><testcase classname="tests.test_services_comprehensive.TestKafkaServiceComprehensive" name="test_produce_price_event_failure" time="0.008" /><testcase classname="tests.test_services_comprehensive.TestKafkaServiceComprehensive" name="test_produce_batch_events" time="0.008" /><testcase classname="tests.test_services_comprehensive.TestKafkaServiceComprehensive" name="test_consume_messages_success" time="0.008" /><testcase classname="tests.test_services_comprehensive.TestKafkaServiceComprehensive" name="test_kafka_service_connection_error" time="0.002" /><testcase classname="tests.test_services_comprehensive.TestRedisServiceComprehensive" name="test_store_price_data_success" time="0.009" /><testcase classname="tests.test_services_comprehensive.TestKafkaServiceComprehensive" name="test_consume_messages_exception" time="0.007" /><testcase classname="tests.test_services_comprehensive.TestKafkaServiceComprehensive" name="test_close_success" time="0.001" /><testcase classname="tests.test_services_comprehensive.TestRedisServiceComprehensive" name="test_store_price_data_failure" time="0.013" /><testcase classname="tests.test_services_comprehensive.TestRedisServiceComprehensive" name="test_get_price_history_empty" time="0.009" /><testcase classname="tests.test_services_comprehensive.TestRedisServiceComprehensive" name="test_get_latest_price_success" time="0.009" /><testcase classname="tests.test_services_comprehensive.TestRedisServiceComprehensive" name="test_get_price_history_success" time="0.012" /><testcase classname="tests.test_services_comprehensive.TestRedisServiceComprehensive" name="test_get_latest_price_not_found" time="0.009" /><testcase classname="tests.test_services_comprehensive.TestRedisServiceComprehensive" name="test_delete_price_data_success" time="0.008" /><testcase classname="tests.test_services_comprehensive.TestRedisServiceComprehensive" name="test_get_price_statistics_success" time="0.012" /><testcase classname="tests.test_services_comprehensive.TestRedisServiceComprehensive" name="test_get_price_statistics_empty" time="0.009" /><testcase classname="tests.test_services_comprehensive.TestRedisServiceComprehensive" name="test_clear_all_data_success" time="0.009" /><testcase classname="tests.test_services_comprehensive.TestRedisServiceComprehensive" name="test_get_connection_info_success" time="0.010" /><testcase classname="tests.test_services_comprehensive.TestRedisServiceComprehensive" name="test_ping_success" time="0.007" /><testcase classname="tests.test_services_comprehensive.TestRedisServiceComprehensive" name="test_ping_failure" time="0.005" /><testcase classname="tests.test_services_comprehensive.TestRedisServiceComprehensive" name="test_redis_service_connection_error" time="0.003" /><testcase classname="tests.test_services_comprehensive.TestServiceErrorHandling" name="test_market_data_service_database_connection_error" time="0.007" /><testcase classname="tests.test_services_comprehensive.TestServiceErrorHandling" name="test_service_initialization_errors" time="0.008" /></testsuite></testsuites>
